<?xml version="1.0" encoding="UTF-8"?>
<!-- Generated by org.testng.reporters.JUnitReportReporter -->
<testsuite hostname="iDeliver15" name="test.java.NewTest" tests="1" failures="0" timestamp="18 Mar 2015 12:06:45 GMT" time="2.023" errors="0">
  <testcase name="TestA" time="2.023" classname="test.java.NewTest"/>
</testsuite> <!-- test.java.NewTest -->
